2023-05-17 00:00:07 [DEBUG] com.zaxxer.hikari.pool.HikariPool - HikariPool-2 - Pool stats (total=10, active=0, idle=10, waiting=0)
2023-05-17 00:00:07 [DEBUG] com.zaxxer.hikari.pool.HikariPool - HikariPool-2 - Fill pool skipped, pool is at sufficient level.
2023-05-17 00:00:14 [DEBUG] o.s.o.j.s.OpenEntityManagerInViewInterceptor - Opening JPA EntityManager in OpenEntityManagerInViewInterceptor
2023-05-17 00:00:15 [DEBUG] o.s.o.j.s.OpenEntityManagerInViewInterceptor - Closing JPA EntityManager in OpenEntityManagerInViewInterceptor
2023-05-17 00:00:15 [DEBUG] o.s.o.j.s.OpenEntityManagerInViewInterceptor - Opening JPA EntityManager in OpenEntityManagerInViewInterceptor
2023-05-17 00:00:15 [DEBUG] o.s.o.j.s.OpenEntityManagerInViewInterceptor - Closing JPA EntityManager in OpenEntityManagerInViewInterceptor
2023-05-17 00:00:15 [DEBUG] o.s.o.j.s.OpenEntityManagerInViewInterceptor - Opening JPA EntityManager in OpenEntityManagerInViewInterceptor
2023-05-17 00:00:15 [DEBUG] o.s.o.j.s.OpenEntityManagerInViewInterceptor - Closing JPA EntityManager in OpenEntityManagerInViewInterceptor
2023-05-17 00:00:16 [DEBUG] o.s.o.j.s.OpenEntityManagerInViewInterceptor - Opening JPA EntityManager in OpenEntityManagerInViewInterceptor
2023-05-17 00:00:16 [DEBUG] o.s.o.j.s.OpenEntityManagerInViewInterceptor - Closing JPA EntityManager in OpenEntityManagerInViewInterceptor
2023-05-17 00:00:16 [DEBUG] o.s.o.j.s.OpenEntityManagerInViewInterceptor - Opening JPA EntityManager in OpenEntityManagerInViewInterceptor
2023-05-17 00:00:16 [DEBUG] o.s.o.j.s.OpenEntityManagerInViewInterceptor - Closing JPA EntityManager in OpenEntityManagerInViewInterceptor
2023-05-17 00:00:16 [DEBUG] o.s.o.j.s.OpenEntityManagerInViewInterceptor - Opening JPA EntityManager in OpenEntityManagerInViewInterceptor
2023-05-17 00:00:16 [DEBUG] o.s.o.j.s.OpenEntityManagerInViewInterceptor - Closing JPA EntityManager in OpenEntityManagerInViewInterceptor
2023-05-17 00:00:19 [DEBUG] o.s.o.j.s.OpenEntityManagerInViewInterceptor - Opening JPA EntityManager in OpenEntityManagerInViewInterceptor
2023-05-17 00:00:19 [DEBUG] o.s.o.j.s.OpenEntityManagerInViewInterceptor - Closing JPA EntityManager in OpenEntityManagerInViewInterceptor
2023-05-17 00:00:19 [DEBUG] o.s.o.j.s.OpenEntityManagerInViewInterceptor - Opening JPA EntityManager in OpenEntityManagerInViewInterceptor
2023-05-17 00:00:19 [DEBUG] o.s.o.j.s.OpenEntityManagerInViewInterceptor - Closing JPA EntityManager in OpenEntityManagerInViewInterceptor
2023-05-17 00:00:19 [DEBUG] o.s.o.j.s.OpenEntityManagerInViewInterceptor - Opening JPA EntityManager in OpenEntityManagerInViewInterceptor
2023-05-17 00:00:19 [DEBUG] o.s.o.j.s.OpenEntityManagerInViewInterceptor - Closing JPA EntityManager in OpenEntityManagerInViewInterceptor
2023-05-17 00:00:20 [DEBUG] o.s.o.j.s.OpenEntityManagerInViewInterceptor - Opening JPA EntityManager in OpenEntityManagerInViewInterceptor
2023-05-17 00:00:20 [DEBUG] o.s.o.j.s.OpenEntityManagerInViewInterceptor - Closing JPA EntityManager in OpenEntityManagerInViewInterceptor
2023-05-17 00:00:20 [DEBUG] o.s.o.j.s.OpenEntityManagerInViewInterceptor - Opening JPA EntityManager in OpenEntityManagerInViewInterceptor
2023-05-17 00:00:20 [DEBUG] o.s.o.j.s.OpenEntityManagerInViewInterceptor - Closing JPA EntityManager in OpenEntityManagerInViewInterceptor
2023-05-17 00:00:20 [DEBUG] o.s.o.j.s.OpenEntityManagerInViewInterceptor - Opening JPA EntityManager in OpenEntityManagerInViewInterceptor
2023-05-17 00:00:20 [DEBUG] o.s.o.j.s.OpenEntityManagerInViewInterceptor - Closing JPA EntityManager in OpenEntityManagerInViewInterceptor
2023-05-17 00:00:20 [DEBUG] o.s.o.j.s.OpenEntityManagerInViewInterceptor - Opening JPA EntityManager in OpenEntityManagerInViewInterceptor
2023-05-17 00:00:20 [DEBUG] o.s.o.j.s.OpenEntityManagerInViewInterceptor - Closing JPA EntityManager in OpenEntityManagerInViewInterceptor
2023-05-17 00:00:20 [DEBUG] o.s.o.j.s.OpenEntityManagerInViewInterceptor - Opening JPA EntityManager in OpenEntityManagerInViewInterceptor
2023-05-17 00:00:20 [DEBUG] o.s.o.j.s.OpenEntityManagerInViewInterceptor - Closing JPA EntityManager in OpenEntityManagerInViewInterceptor
2023-05-17 00:00:20 [DEBUG] o.s.o.j.s.OpenEntityManagerInViewInterceptor - Opening JPA EntityManager in OpenEntityManagerInViewInterceptor
2023-05-17 00:00:20 [DEBUG] o.s.o.j.s.OpenEntityManagerInViewInterceptor - Closing JPA EntityManager in OpenEntityManagerInViewInterceptor
2023-05-17 00:00:21 [DEBUG] o.s.o.j.s.OpenEntityManagerInViewInterceptor - Opening JPA EntityManager in OpenEntityManagerInViewInterceptor
2023-05-17 00:00:21 [DEBUG] o.s.o.j.s.OpenEntityManagerInViewInterceptor - Closing JPA EntityManager in OpenEntityManagerInViewInterceptor
2023-05-17 00:00:21 [DEBUG] o.s.o.j.s.OpenEntityManagerInViewInterceptor - Opening JPA EntityManager in OpenEntityManagerInViewInterceptor
2023-05-17 00:00:21 [DEBUG] o.s.o.j.s.OpenEntityManagerInViewInterceptor - Closing JPA EntityManager in OpenEntityManagerInViewInterceptor
2023-05-17 00:00:21 [DEBUG] o.s.o.j.s.OpenEntityManagerInViewInterceptor - Opening JPA EntityManager in OpenEntityManagerInViewInterceptor
2023-05-17 00:00:21 [DEBUG] o.s.o.j.s.OpenEntityManagerInViewInterceptor - Closing JPA EntityManager in OpenEntityManagerInViewInterceptor
2023-05-17 00:00:29 [DEBUG] o.s.o.j.s.OpenEntityManagerInViewInterceptor - Opening JPA EntityManager in OpenEntityManagerInViewInterceptor
2023-05-17 00:00:29 [DEBUG] o.s.o.j.s.OpenEntityManagerInViewInterceptor - Closing JPA EntityManager in OpenEntityManagerInViewInterceptor
2023-05-17 00:00:29 [DEBUG] o.s.o.j.s.OpenEntityManagerInViewInterceptor - Opening JPA EntityManager in OpenEntityManagerInViewInterceptor
2023-05-17 00:00:29 [DEBUG] o.s.o.j.s.OpenEntityManagerInViewInterceptor - Closing JPA EntityManager in OpenEntityManagerInViewInterceptor
2023-05-17 00:00:29 [DEBUG] o.s.o.j.s.OpenEntityManagerInViewInterceptor - Opening JPA EntityManager in OpenEntityManagerInViewInterceptor
2023-05-17 00:00:29 [DEBUG] o.s.o.j.s.OpenEntityManagerInViewInterceptor - Closing JPA EntityManager in OpenEntityManagerInViewInterceptor
2023-05-17 00:00:37 [DEBUG] com.zaxxer.hikari.pool.HikariPool - HikariPool-2 - Pool stats (total=10, active=0, idle=10, waiting=0)
2023-05-17 00:00:37 [DEBUG] com.zaxxer.hikari.pool.HikariPool - HikariPool-2 - Fill pool skipped, pool is at sufficient level.
2023-05-17 00:01:07 [DEBUG] com.zaxxer.hikari.pool.HikariPool - HikariPool-2 - Pool stats (total=10, active=0, idle=10, waiting=0)
2023-05-17 00:01:07 [DEBUG] com.zaxxer.hikari.pool.HikariPool - HikariPool-2 - Fill pool skipped, pool is at sufficient level.
2023-05-17 00:01:37 [DEBUG] com.zaxxer.hikari.pool.HikariPool - HikariPool-2 - Pool stats (total=10, active=0, idle=10, waiting=0)
2023-05-17 00:01:37 [DEBUG] com.zaxxer.hikari.pool.HikariPool - HikariPool-2 - Fill pool skipped, pool is at sufficient level.
2023-05-17 00:02:07 [DEBUG] com.zaxxer.hikari.pool.HikariPool - HikariPool-2 - Pool stats (total=10, active=0, idle=10, waiting=0)
2023-05-17 00:02:07 [DEBUG] com.zaxxer.hikari.pool.HikariPool - HikariPool-2 - Fill pool skipped, pool is at sufficient level.
2023-05-17 00:02:07 [DEBUG] o.s.o.j.s.OpenEntityManagerInViewInterceptor - Opening JPA EntityManager in OpenEntityManagerInViewInterceptor
2023-05-17 00:02:07 [DEBUG] o.s.o.j.s.OpenEntityManagerInViewInterceptor - Closing JPA EntityManager in OpenEntityManagerInViewInterceptor
2023-05-17 00:02:07 [DEBUG] o.s.o.j.s.OpenEntityManagerInViewInterceptor - Opening JPA EntityManager in OpenEntityManagerInViewInterceptor
2023-05-17 00:02:07 [DEBUG] o.s.o.j.s.OpenEntityManagerInViewInterceptor - Closing JPA EntityManager in OpenEntityManagerInViewInterceptor
2023-05-17 00:02:07 [DEBUG] o.s.o.j.s.OpenEntityManagerInViewInterceptor - Opening JPA EntityManager in OpenEntityManagerInViewInterceptor
2023-05-17 00:02:07 [DEBUG] o.s.o.j.s.OpenEntityManagerInViewInterceptor - Closing JPA EntityManager in OpenEntityManagerInViewInterceptor
2023-05-17 00:02:11 [DEBUG] o.s.o.j.s.OpenEntityManagerInViewInterceptor - Opening JPA EntityManager in OpenEntityManagerInViewInterceptor
2023-05-17 00:02:11 [DEBUG] o.s.o.j.s.OpenEntityManagerInViewInterceptor - Closing JPA EntityManager in OpenEntityManagerInViewInterceptor
2023-05-17 00:02:11 [DEBUG] o.s.o.j.s.OpenEntityManagerInViewInterceptor - Opening JPA EntityManager in OpenEntityManagerInViewInterceptor
2023-05-17 00:02:11 [DEBUG] o.s.o.j.s.OpenEntityManagerInViewInterceptor - Closing JPA EntityManager in OpenEntityManagerInViewInterceptor
2023-05-17 00:02:11 [DEBUG] o.s.o.j.s.OpenEntityManagerInViewInterceptor - Opening JPA EntityManager in OpenEntityManagerInViewInterceptor
2023-05-17 00:02:11 [DEBUG] o.s.o.j.s.OpenEntityManagerInViewInterceptor - Closing JPA EntityManager in OpenEntityManagerInViewInterceptor
2023-05-17 00:02:12 [DEBUG] o.s.o.j.s.OpenEntityManagerInViewInterceptor - Opening JPA EntityManager in OpenEntityManagerInViewInterceptor
2023-05-17 00:02:12 [DEBUG] o.s.o.j.s.OpenEntityManagerInViewInterceptor - Closing JPA EntityManager in OpenEntityManagerInViewInterceptor
2023-05-17 00:02:12 [DEBUG] o.s.o.j.s.OpenEntityManagerInViewInterceptor - Opening JPA EntityManager in OpenEntityManagerInViewInterceptor
2023-05-17 00:02:12 [DEBUG] o.s.o.j.s.OpenEntityManagerInViewInterceptor - Closing JPA EntityManager in OpenEntityManagerInViewInterceptor
2023-05-17 00:02:12 [DEBUG] o.s.o.j.s.OpenEntityManagerInViewInterceptor - Opening JPA EntityManager in OpenEntityManagerInViewInterceptor
2023-05-17 00:02:12 [DEBUG] o.s.o.j.s.OpenEntityManagerInViewInterceptor - Closing JPA EntityManager in OpenEntityManagerInViewInterceptor
2023-05-17 00:02:17 [DEBUG] o.s.o.j.s.OpenEntityManagerInViewInterceptor - Opening JPA EntityManager in OpenEntityManagerInViewInterceptor
2023-05-17 00:02:17 [DEBUG] o.s.o.j.s.OpenEntityManagerInViewInterceptor - Closing JPA EntityManager in OpenEntityManagerInViewInterceptor
2023-05-17 00:02:17 [DEBUG] o.s.o.j.s.OpenEntityManagerInViewInterceptor - Opening JPA EntityManager in OpenEntityManagerInViewInterceptor
2023-05-17 00:02:17 [DEBUG] o.s.o.j.s.OpenEntityManagerInViewInterceptor - Closing JPA EntityManager in OpenEntityManagerInViewInterceptor
2023-05-17 00:02:17 [DEBUG] o.s.o.j.s.OpenEntityManagerInViewInterceptor - Opening JPA EntityManager in OpenEntityManagerInViewInterceptor
2023-05-17 00:02:17 [DEBUG] o.s.o.j.s.OpenEntityManagerInViewInterceptor - Closing JPA EntityManager in OpenEntityManagerInViewInterceptor
2023-05-17 00:02:37 [DEBUG] com.zaxxer.hikari.pool.HikariPool - HikariPool-2 - Pool stats (total=10, active=0, idle=10, waiting=0)
2023-05-17 00:02:37 [DEBUG] com.zaxxer.hikari.pool.HikariPool - HikariPool-2 - Fill pool skipped, pool is at sufficient level.
2023-05-17 00:02:53 [DEBUG] o.s.o.j.s.OpenEntityManagerInViewInterceptor - Opening JPA EntityManager in OpenEntityManagerInViewInterceptor
2023-05-17 00:02:53 [DEBUG] o.s.o.j.s.OpenEntityManagerInViewInterceptor - Closing JPA EntityManager in OpenEntityManagerInViewInterceptor
2023-05-17 00:02:53 [DEBUG] o.s.o.j.s.OpenEntityManagerInViewInterceptor - Opening JPA EntityManager in OpenEntityManagerInViewInterceptor
2023-05-17 00:02:53 [DEBUG] o.s.o.j.s.OpenEntityManagerInViewInterceptor - Closing JPA EntityManager in OpenEntityManagerInViewInterceptor
2023-05-17 00:02:53 [DEBUG] o.s.o.j.s.OpenEntityManagerInViewInterceptor - Opening JPA EntityManager in OpenEntityManagerInViewInterceptor
2023-05-17 00:02:53 [DEBUG] o.s.o.j.s.OpenEntityManagerInViewInterceptor - Closing JPA EntityManager in OpenEntityManagerInViewInterceptor
2023-05-17 00:03:04 [DEBUG] o.s.o.j.s.OpenEntityManagerInViewInterceptor - Opening JPA EntityManager in OpenEntityManagerInViewInterceptor
2023-05-17 00:03:04 [DEBUG] o.s.o.j.s.OpenEntityManagerInViewInterceptor - Closing JPA EntityManager in OpenEntityManagerInViewInterceptor
2023-05-17 00:03:04 [DEBUG] o.s.o.j.s.OpenEntityManagerInViewInterceptor - Opening JPA EntityManager in OpenEntityManagerInViewInterceptor
2023-05-17 00:03:04 [DEBUG] o.s.o.j.s.OpenEntityManagerInViewInterceptor - Closing JPA EntityManager in OpenEntityManagerInViewInterceptor
2023-05-17 00:03:04 [DEBUG] o.s.o.j.s.OpenEntityManagerInViewInterceptor - Opening JPA EntityManager in OpenEntityManagerInViewInterceptor
2023-05-17 00:03:04 [DEBUG] o.s.o.j.s.OpenEntityManagerInViewInterceptor - Closing JPA EntityManager in OpenEntityManagerInViewInterceptor
2023-05-17 00:03:07 [DEBUG] com.zaxxer.hikari.pool.HikariPool - HikariPool-2 - Pool stats (total=10, active=0, idle=10, waiting=0)
2023-05-17 00:03:07 [DEBUG] com.zaxxer.hikari.pool.HikariPool - HikariPool-2 - Fill pool skipped, pool is at sufficient level.
2023-05-17 00:03:08 [DEBUG] o.s.o.j.s.OpenEntityManagerInViewInterceptor - Opening JPA EntityManager in OpenEntityManagerInViewInterceptor
2023-05-17 00:03:08 [DEBUG] o.s.o.j.s.OpenEntityManagerInViewInterceptor - Closing JPA EntityManager in OpenEntityManagerInViewInterceptor
2023-05-17 00:03:08 [DEBUG] o.s.o.j.s.OpenEntityManagerInViewInterceptor - Opening JPA EntityManager in OpenEntityManagerInViewInterceptor
2023-05-17 00:03:08 [DEBUG] o.s.o.j.s.OpenEntityManagerInViewInterceptor - Closing JPA EntityManager in OpenEntityManagerInViewInterceptor
2023-05-17 00:03:08 [DEBUG] o.s.o.j.s.OpenEntityManagerInViewInterceptor - Opening JPA EntityManager in OpenEntityManagerInViewInterceptor
2023-05-17 00:03:08 [DEBUG] o.s.o.j.s.OpenEntityManagerInViewInterceptor - Closing JPA EntityManager in OpenEntityManagerInViewInterceptor
2023-05-17 00:03:14 [DEBUG] o.s.o.j.s.OpenEntityManagerInViewInterceptor - Opening JPA EntityManager in OpenEntityManagerInViewInterceptor
2023-05-17 00:03:14 [DEBUG] o.s.o.j.s.OpenEntityManagerInViewInterceptor - Closing JPA EntityManager in OpenEntityManagerInViewInterceptor
2023-05-17 00:03:14 [DEBUG] o.s.o.j.s.OpenEntityManagerInViewInterceptor - Opening JPA EntityManager in OpenEntityManagerInViewInterceptor
2023-05-17 00:03:14 [DEBUG] o.s.o.j.s.OpenEntityManagerInViewInterceptor - Closing JPA EntityManager in OpenEntityManagerInViewInterceptor
2023-05-17 00:03:14 [DEBUG] o.s.o.j.s.OpenEntityManagerInViewInterceptor - Opening JPA EntityManager in OpenEntityManagerInViewInterceptor
2023-05-17 00:03:14 [DEBUG] o.s.o.j.s.OpenEntityManagerInViewInterceptor - Closing JPA EntityManager in OpenEntityManagerInViewInterceptor
2023-05-17 00:03:17 [DEBUG] o.s.o.j.s.OpenEntityManagerInViewInterceptor - Opening JPA EntityManager in OpenEntityManagerInViewInterceptor
2023-05-17 00:03:17 [DEBUG] o.s.o.j.s.OpenEntityManagerInViewInterceptor - Closing JPA EntityManager in OpenEntityManagerInViewInterceptor
2023-05-17 00:03:17 [DEBUG] o.s.o.j.s.OpenEntityManagerInViewInterceptor - Opening JPA EntityManager in OpenEntityManagerInViewInterceptor
2023-05-17 00:03:17 [DEBUG] o.s.o.j.s.OpenEntityManagerInViewInterceptor - Closing JPA EntityManager in OpenEntityManagerInViewInterceptor
2023-05-17 00:03:17 [DEBUG] o.s.o.j.s.OpenEntityManagerInViewInterceptor - Opening JPA EntityManager in OpenEntityManagerInViewInterceptor
2023-05-17 00:03:17 [DEBUG] o.s.o.j.s.OpenEntityManagerInViewInterceptor - Closing JPA EntityManager in OpenEntityManagerInViewInterceptor
2023-05-17 00:03:22 [DEBUG] o.s.o.j.s.OpenEntityManagerInViewInterceptor - Opening JPA EntityManager in OpenEntityManagerInViewInterceptor
2023-05-17 00:03:22 [DEBUG] o.s.o.j.s.OpenEntityManagerInViewInterceptor - Closing JPA EntityManager in OpenEntityManagerInViewInterceptor
2023-05-17 00:03:22 [DEBUG] o.s.o.j.s.OpenEntityManagerInViewInterceptor - Opening JPA EntityManager in OpenEntityManagerInViewInterceptor
2023-05-17 00:03:22 [DEBUG] o.s.o.j.s.OpenEntityManagerInViewInterceptor - Closing JPA EntityManager in OpenEntityManagerInViewInterceptor
2023-05-17 00:03:22 [DEBUG] o.s.o.j.s.OpenEntityManagerInViewInterceptor - Opening JPA EntityManager in OpenEntityManagerInViewInterceptor
2023-05-17 00:03:22 [DEBUG] o.s.o.j.s.OpenEntityManagerInViewInterceptor - Closing JPA EntityManager in OpenEntityManagerInViewInterceptor
2023-05-17 00:03:37 [DEBUG] com.zaxxer.hikari.pool.HikariPool - HikariPool-2 - Pool stats (total=10, active=0, idle=10, waiting=0)
2023-05-17 00:03:37 [DEBUG] com.zaxxer.hikari.pool.HikariPool - HikariPool-2 - Fill pool skipped, pool is at sufficient level.
2023-05-17 00:04:07 [DEBUG] com.zaxxer.hikari.pool.HikariPool - HikariPool-2 - Pool stats (total=10, active=0, idle=10, waiting=0)
2023-05-17 00:04:07 [DEBUG] com.zaxxer.hikari.pool.HikariPool - HikariPool-2 - Fill pool skipped, pool is at sufficient level.
2023-05-17 00:04:37 [DEBUG] com.zaxxer.hikari.pool.HikariPool - HikariPool-2 - Pool stats (total=10, active=0, idle=10, waiting=0)
2023-05-17 00:04:37 [DEBUG] com.zaxxer.hikari.pool.HikariPool - HikariPool-2 - Fill pool skipped, pool is at sufficient level.
2023-05-17 00:04:52 [DEBUG] o.s.o.j.s.OpenEntityManagerInViewInterceptor - Opening JPA EntityManager in OpenEntityManagerInViewInterceptor
2023-05-17 00:04:52 [DEBUG] o.s.o.j.s.OpenEntityManagerInViewInterceptor - Closing JPA EntityManager in OpenEntityManagerInViewInterceptor
2023-05-17 00:04:52 [DEBUG] o.s.o.j.s.OpenEntityManagerInViewInterceptor - Opening JPA EntityManager in OpenEntityManagerInViewInterceptor
2023-05-17 00:04:52 [DEBUG] o.s.o.j.s.OpenEntityManagerInViewInterceptor - Closing JPA EntityManager in OpenEntityManagerInViewInterceptor
2023-05-17 00:04:52 [DEBUG] o.s.o.j.s.OpenEntityManagerInViewInterceptor - Opening JPA EntityManager in OpenEntityManagerInViewInterceptor
2023-05-17 00:04:52 [DEBUG] o.s.o.j.s.OpenEntityManagerInViewInterceptor - Closing JPA EntityManager in OpenEntityManagerInViewInterceptor
2023-05-17 00:04:52 [DEBUG] o.s.o.j.s.OpenEntityManagerInViewInterceptor - Opening JPA EntityManager in OpenEntityManagerInViewInterceptor
2023-05-17 00:04:52 [DEBUG] o.s.o.j.s.OpenEntityManagerInViewInterceptor - Closing JPA EntityManager in OpenEntityManagerInViewInterceptor
2023-05-17 00:05:02 [DEBUG] o.s.o.j.s.OpenEntityManagerInViewInterceptor - Opening JPA EntityManager in OpenEntityManagerInViewInterceptor
2023-05-17 00:05:02 [DEBUG] o.s.o.j.s.OpenEntityManagerInViewInterceptor - Closing JPA EntityManager in OpenEntityManagerInViewInterceptor
2023-05-17 00:05:02 [DEBUG] o.s.o.j.s.OpenEntityManagerInViewInterceptor - Opening JPA EntityManager in OpenEntityManagerInViewInterceptor
2023-05-17 00:05:02 [DEBUG] o.s.o.j.s.OpenEntityManagerInViewInterceptor - Closing JPA EntityManager in OpenEntityManagerInViewInterceptor
2023-05-17 00:05:02 [DEBUG] o.s.o.j.s.OpenEntityManagerInViewInterceptor - Opening JPA EntityManager in OpenEntityManagerInViewInterceptor
2023-05-17 00:05:02 [DEBUG] o.s.o.j.s.OpenEntityManagerInViewInterceptor - Closing JPA EntityManager in OpenEntityManagerInViewInterceptor
2023-05-17 00:05:07 [DEBUG] com.zaxxer.hikari.pool.HikariPool - HikariPool-2 - Pool stats (total=10, active=0, idle=10, waiting=0)
2023-05-17 00:05:07 [DEBUG] com.zaxxer.hikari.pool.HikariPool - HikariPool-2 - Fill pool skipped, pool is at sufficient level.
2023-05-17 00:05:37 [DEBUG] com.zaxxer.hikari.pool.HikariPool - HikariPool-2 - Pool stats (total=10, active=0, idle=10, waiting=0)
2023-05-17 00:05:37 [DEBUG] com.zaxxer.hikari.pool.HikariPool - HikariPool-2 - Fill pool skipped, pool is at sufficient level.
2023-05-17 00:06:07 [DEBUG] com.zaxxer.hikari.pool.HikariPool - HikariPool-2 - Pool stats (total=10, active=0, idle=10, waiting=0)
2023-05-17 00:06:07 [DEBUG] com.zaxxer.hikari.pool.HikariPool - HikariPool-2 - Fill pool skipped, pool is at sufficient level.
2023-05-17 00:06:08 [DEBUG] o.s.o.j.s.OpenEntityManagerInViewInterceptor - Opening JPA EntityManager in OpenEntityManagerInViewInterceptor
2023-05-17 00:06:08 [DEBUG] o.s.o.j.s.OpenEntityManagerInViewInterceptor - Closing JPA EntityManager in OpenEntityManagerInViewInterceptor
2023-05-17 00:06:08 [DEBUG] o.s.o.j.s.OpenEntityManagerInViewInterceptor - Opening JPA EntityManager in OpenEntityManagerInViewInterceptor
2023-05-17 00:06:08 [DEBUG] o.s.o.j.s.OpenEntityManagerInViewInterceptor - Closing JPA EntityManager in OpenEntityManagerInViewInterceptor
2023-05-17 00:06:08 [DEBUG] o.s.o.j.s.OpenEntityManagerInViewInterceptor - Opening JPA EntityManager in OpenEntityManagerInViewInterceptor
2023-05-17 00:06:08 [DEBUG] o.s.o.j.s.OpenEntityManagerInViewInterceptor - Closing JPA EntityManager in OpenEntityManagerInViewInterceptor
2023-05-17 00:06:08 [DEBUG] o.s.o.j.s.OpenEntityManagerInViewInterceptor - Opening JPA EntityManager in OpenEntityManagerInViewInterceptor
2023-05-17 00:06:08 [DEBUG] o.s.o.j.s.OpenEntityManagerInViewInterceptor - Closing JPA EntityManager in OpenEntityManagerInViewInterceptor
2023-05-17 00:06:37 [DEBUG] com.zaxxer.hikari.pool.HikariPool - HikariPool-2 - Pool stats (total=10, active=0, idle=10, waiting=0)
2023-05-17 00:06:37 [DEBUG] com.zaxxer.hikari.pool.HikariPool - HikariPool-2 - Fill pool skipped, pool is at sufficient level.
2023-05-17 00:07:07 [DEBUG] com.zaxxer.hikari.pool.HikariPool - HikariPool-2 - Pool stats (total=10, active=0, idle=10, waiting=0)
2023-05-17 00:07:07 [DEBUG] com.zaxxer.hikari.pool.HikariPool - HikariPool-2 - Fill pool skipped, pool is at sufficient level.
2023-05-17 00:07:37 [DEBUG] com.zaxxer.hikari.pool.HikariPool - HikariPool-2 - Pool stats (total=10, active=0, idle=10, waiting=0)
2023-05-17 00:07:37 [DEBUG] com.zaxxer.hikari.pool.HikariPool - HikariPool-2 - Fill pool skipped, pool is at sufficient level.
2023-05-17 00:08:07 [DEBUG] com.zaxxer.hikari.pool.HikariPool - HikariPool-2 - Pool stats (total=10, active=0, idle=10, waiting=0)
2023-05-17 00:08:07 [DEBUG] com.zaxxer.hikari.pool.HikariPool - HikariPool-2 - Fill pool skipped, pool is at sufficient level.
2023-05-17 00:08:37 [DEBUG] com.zaxxer.hikari.pool.HikariPool - HikariPool-2 - Pool stats (total=10, active=0, idle=10, waiting=0)
2023-05-17 00:08:37 [DEBUG] com.zaxxer.hikari.pool.HikariPool - HikariPool-2 - Fill pool skipped, pool is at sufficient level.
2023-05-17 00:09:03 [DEBUG] o.s.o.j.s.OpenEntityManagerInViewInterceptor - Opening JPA EntityManager in OpenEntityManagerInViewInterceptor
2023-05-17 00:09:03 [DEBUG] o.s.o.j.s.OpenEntityManagerInViewInterceptor - Closing JPA EntityManager in OpenEntityManagerInViewInterceptor
2023-05-17 00:09:03 [DEBUG] o.s.o.j.s.OpenEntityManagerInViewInterceptor - Opening JPA EntityManager in OpenEntityManagerInViewInterceptor
2023-05-17 00:09:03 [DEBUG] o.s.o.j.s.OpenEntityManagerInViewInterceptor - Closing JPA EntityManager in OpenEntityManagerInViewInterceptor
2023-05-17 00:09:03 [DEBUG] o.s.o.j.s.OpenEntityManagerInViewInterceptor - Opening JPA EntityManager in OpenEntityManagerInViewInterceptor
2023-05-17 00:09:03 [DEBUG] o.s.o.j.s.OpenEntityManagerInViewInterceptor - Closing JPA EntityManager in OpenEntityManagerInViewInterceptor
2023-05-17 00:09:07 [DEBUG] com.zaxxer.hikari.pool.HikariPool - HikariPool-2 - Pool stats (total=10, active=0, idle=10, waiting=0)
2023-05-17 00:09:07 [DEBUG] com.zaxxer.hikari.pool.HikariPool - HikariPool-2 - Fill pool skipped, pool is at sufficient level.
2023-05-17 00:09:11 [DEBUG] o.s.o.j.s.OpenEntityManagerInViewInterceptor - Opening JPA EntityManager in OpenEntityManagerInViewInterceptor
2023-05-17 00:09:11 [DEBUG] o.s.o.j.s.OpenEntityManagerInViewInterceptor - Closing JPA EntityManager in OpenEntityManagerInViewInterceptor
2023-05-17 00:09:11 [DEBUG] o.s.o.j.s.OpenEntityManagerInViewInterceptor - Opening JPA EntityManager in OpenEntityManagerInViewInterceptor
2023-05-17 00:09:11 [DEBUG] o.s.o.j.s.OpenEntityManagerInViewInterceptor - Closing JPA EntityManager in OpenEntityManagerInViewInterceptor
2023-05-17 00:09:11 [DEBUG] o.s.o.j.s.OpenEntityManagerInViewInterceptor - Opening JPA EntityManager in OpenEntityManagerInViewInterceptor
2023-05-17 00:09:11 [DEBUG] o.s.o.j.s.OpenEntityManagerInViewInterceptor - Closing JPA EntityManager in OpenEntityManagerInViewInterceptor
2023-05-17 00:09:37 [DEBUG] com.zaxxer.hikari.pool.HikariPool - HikariPool-2 - Pool stats (total=10, active=0, idle=10, waiting=0)
2023-05-17 00:09:37 [DEBUG] com.zaxxer.hikari.pool.HikariPool - HikariPool-2 - Fill pool skipped, pool is at sufficient level.
2023-05-17 00:10:07 [DEBUG] com.zaxxer.hikari.pool.HikariPool - HikariPool-2 - Pool stats (total=10, active=0, idle=10, waiting=0)
2023-05-17 00:10:07 [DEBUG] com.zaxxer.hikari.pool.HikariPool - HikariPool-2 - Fill pool skipped, pool is at sufficient level.
2023-05-17 00:10:14 [DEBUG] o.s.o.j.s.OpenEntityManagerInViewInterceptor - Opening JPA EntityManager in OpenEntityManagerInViewInterceptor
2023-05-17 00:10:15 [DEBUG] o.s.o.j.s.OpenEntityManagerInViewInterceptor - Closing JPA EntityManager in OpenEntityManagerInViewInterceptor
2023-05-17 00:10:15 [DEBUG] o.s.o.j.s.OpenEntityManagerInViewInterceptor - Opening JPA EntityManager in OpenEntityManagerInViewInterceptor
2023-05-17 00:10:15 [DEBUG] o.s.o.j.s.OpenEntityManagerInViewInterceptor - Closing JPA EntityManager in OpenEntityManagerInViewInterceptor
2023-05-17 00:10:15 [DEBUG] o.s.o.j.s.OpenEntityManagerInViewInterceptor - Opening JPA EntityManager in OpenEntityManagerInViewInterceptor
2023-05-17 00:10:15 [DEBUG] o.s.o.j.s.OpenEntityManagerInViewInterceptor - Closing JPA EntityManager in OpenEntityManagerInViewInterceptor
2023-05-17 00:10:23 [DEBUG] o.s.o.j.s.OpenEntityManagerInViewInterceptor - Opening JPA EntityManager in OpenEntityManagerInViewInterceptor
2023-05-17 00:10:23 [DEBUG] o.s.o.j.s.OpenEntityManagerInViewInterceptor - Closing JPA EntityManager in OpenEntityManagerInViewInterceptor
2023-05-17 00:10:23 [DEBUG] o.s.o.j.s.OpenEntityManagerInViewInterceptor - Opening JPA EntityManager in OpenEntityManagerInViewInterceptor
2023-05-17 00:10:23 [DEBUG] o.s.o.j.s.OpenEntityManagerInViewInterceptor - Closing JPA EntityManager in OpenEntityManagerInViewInterceptor
2023-05-17 00:10:23 [DEBUG] o.s.o.j.s.OpenEntityManagerInViewInterceptor - Opening JPA EntityManager in OpenEntityManagerInViewInterceptor
2023-05-17 00:10:23 [DEBUG] o.s.o.j.s.OpenEntityManagerInViewInterceptor - Closing JPA EntityManager in OpenEntityManagerInViewInterceptor
2023-05-17 00:10:32 [DEBUG] o.s.o.j.s.OpenEntityManagerInViewInterceptor - Opening JPA EntityManager in OpenEntityManagerInViewInterceptor
2023-05-17 00:10:33 [DEBUG] o.s.o.j.s.OpenEntityManagerInViewInterceptor - Closing JPA EntityManager in OpenEntityManagerInViewInterceptor
2023-05-17 00:10:33 [DEBUG] o.s.o.j.s.OpenEntityManagerInViewInterceptor - Opening JPA EntityManager in OpenEntityManagerInViewInterceptor
2023-05-17 00:10:33 [DEBUG] o.s.o.j.s.OpenEntityManagerInViewInterceptor - Closing JPA EntityManager in OpenEntityManagerInViewInterceptor
2023-05-17 00:10:33 [DEBUG] o.s.o.j.s.OpenEntityManagerInViewInterceptor - Opening JPA EntityManager in OpenEntityManagerInViewInterceptor
2023-05-17 00:10:33 [DEBUG] o.s.o.j.s.OpenEntityManagerInViewInterceptor - Closing JPA EntityManager in OpenEntityManagerInViewInterceptor
2023-05-17 00:10:37 [DEBUG] com.zaxxer.hikari.pool.HikariPool - HikariPool-2 - Pool stats (total=10, active=0, idle=10, waiting=0)
2023-05-17 00:10:37 [DEBUG] com.zaxxer.hikari.pool.HikariPool - HikariPool-2 - Fill pool skipped, pool is at sufficient level.
2023-05-17 00:11:07 [DEBUG] com.zaxxer.hikari.pool.HikariPool - HikariPool-2 - Pool stats (total=10, active=0, idle=10, waiting=0)
2023-05-17 00:11:07 [DEBUG] com.zaxxer.hikari.pool.HikariPool - HikariPool-2 - Fill pool skipped, pool is at sufficient level.
2023-05-17 00:11:16 [DEBUG] o.s.o.j.s.OpenEntityManagerInViewInterceptor - Opening JPA EntityManager in OpenEntityManagerInViewInterceptor
2023-05-17 00:11:17 [DEBUG] o.s.o.j.s.OpenEntityManagerInViewInterceptor - Closing JPA EntityManager in OpenEntityManagerInViewInterceptor
2023-05-17 00:11:17 [DEBUG] o.s.o.j.s.OpenEntityManagerInViewInterceptor - Opening JPA EntityManager in OpenEntityManagerInViewInterceptor
2023-05-17 00:11:17 [DEBUG] o.s.o.j.s.OpenEntityManagerInViewInterceptor - Closing JPA EntityManager in OpenEntityManagerInViewInterceptor
2023-05-17 00:11:17 [DEBUG] o.s.o.j.s.OpenEntityManagerInViewInterceptor - Opening JPA EntityManager in OpenEntityManagerInViewInterceptor
2023-05-17 00:11:17 [DEBUG] o.s.o.j.s.OpenEntityManagerInViewInterceptor - Closing JPA EntityManager in OpenEntityManagerInViewInterceptor
2023-05-17 00:11:27 [DEBUG] o.s.o.j.s.OpenEntityManagerInViewInterceptor - Opening JPA EntityManager in OpenEntityManagerInViewInterceptor
2023-05-17 00:11:27 [DEBUG] o.s.o.j.s.OpenEntityManagerInViewInterceptor - Closing JPA EntityManager in OpenEntityManagerInViewInterceptor
2023-05-17 00:11:27 [DEBUG] o.s.o.j.s.OpenEntityManagerInViewInterceptor - Opening JPA EntityManager in OpenEntityManagerInViewInterceptor
2023-05-17 00:11:27 [DEBUG] o.s.o.j.s.OpenEntityManagerInViewInterceptor - Closing JPA EntityManager in OpenEntityManagerInViewInterceptor
2023-05-17 00:11:27 [DEBUG] o.s.o.j.s.OpenEntityManagerInViewInterceptor - Opening JPA EntityManager in OpenEntityManagerInViewInterceptor
2023-05-17 00:11:27 [DEBUG] o.s.o.j.s.OpenEntityManagerInViewInterceptor - Closing JPA EntityManager in OpenEntityManagerInViewInterceptor
2023-05-17 00:11:37 [DEBUG] com.zaxxer.hikari.pool.HikariPool - HikariPool-2 - Pool stats (total=10, active=0, idle=10, waiting=0)
2023-05-17 00:11:37 [DEBUG] com.zaxxer.hikari.pool.HikariPool - HikariPool-2 - Fill pool skipped, pool is at sufficient level.
2023-05-17 00:11:41 [DEBUG] o.s.o.j.s.OpenEntityManagerInViewInterceptor - Opening JPA EntityManager in OpenEntityManagerInViewInterceptor
2023-05-17 00:11:42 [DEBUG] o.s.o.j.s.OpenEntityManagerInViewInterceptor - Closing JPA EntityManager in OpenEntityManagerInViewInterceptor
2023-05-17 00:11:42 [DEBUG] o.s.o.j.s.OpenEntityManagerInViewInterceptor - Opening JPA EntityManager in OpenEntityManagerInViewInterceptor
2023-05-17 00:11:42 [DEBUG] o.s.o.j.s.OpenEntityManagerInViewInterceptor - Closing JPA EntityManager in OpenEntityManagerInViewInterceptor
2023-05-17 00:11:42 [DEBUG] o.s.o.j.s.OpenEntityManagerInViewInterceptor - Opening JPA EntityManager in OpenEntityManagerInViewInterceptor
2023-05-17 00:11:42 [DEBUG] o.s.o.j.s.OpenEntityManagerInViewInterceptor - Closing JPA EntityManager in OpenEntityManagerInViewInterceptor
2023-05-17 00:12:07 [DEBUG] com.zaxxer.hikari.pool.HikariPool - HikariPool-2 - Pool stats (total=10, active=0, idle=10, waiting=0)
2023-05-17 00:12:07 [DEBUG] com.zaxxer.hikari.pool.HikariPool - HikariPool-2 - Fill pool skipped, pool is at sufficient level.
2023-05-17 00:12:13 [DEBUG] o.s.o.j.s.OpenEntityManagerInViewInterceptor - Opening JPA EntityManager in OpenEntityManagerInViewInterceptor
2023-05-17 00:12:13 [DEBUG] org.mybatis.spring.SqlSessionUtils - Creating a new SqlSession
2023-05-17 00:12:13 [DEBUG] org.mybatis.spring.SqlSessionUtils - SqlSession [org.apache.ibatis.session.defaults.DefaultSqlSession@377155aa] was not registered for synchronization because synchronization is not active
2023-05-17 00:12:13 [DEBUG] o.s.jdbc.datasource.DataSourceUtils - Fetching JDBC Connection from DataSource
2023-05-17 00:12:13 [DEBUG] o.m.s.t.SpringManagedTransaction - JDBC Connection [HikariProxyConnection@2060031740 wrapping net.sf.log4jdbc.sql.jdbcapi.ConnectionSpy@5ce378cd] will not be managed by Spring
2023-05-17 00:12:13 [DEBUG] c.K.b._.r.B.getBoardById - ==>  Preparing: SELECT * FROM board WHERE id= ? AND delStatus = 0;
2023-05-17 00:12:13 [DEBUG] c.K.b._.r.B.getBoardById - ==> Parameters: 3(Integer)
2023-05-17 00:12:13 [DEBUG] jdbc.sqltiming -  com.zaxxer.hikari.pool.ProxyPreparedStatement.execute(ProxyPreparedStatement.java:44)
191. SELECT *
FROM board
WHERE id= 3
AND delStatus = 0;
 {executed in 24 msec}
2023-05-17 00:12:13 [INFO ] jdbc.resultsettable - 
|---|--------------------|--------------------|----------|-----|----------|--------|
|id |regdate             |updatedate          |code      |name |delstatus |deldate |
|---|--------------------|--------------------|----------|-----|----------|--------|
|3  |2023-05-16 14:51:24 |2023-05-16 14:51:24 |BLACKWORK |블랙워크 |false     |null    |
|---|--------------------|--------------------|----------|-----|----------|--------|

2023-05-17 00:12:13 [DEBUG] c.K.b._.r.B.getBoardById - <==      Total: 1
2023-05-17 00:12:13 [DEBUG] org.mybatis.spring.SqlSessionUtils - Closing non transactional SqlSession [org.apache.ibatis.session.defaults.DefaultSqlSession@377155aa]
2023-05-17 00:12:13 [DEBUG] org.mybatis.spring.SqlSessionUtils - Creating a new SqlSession
2023-05-17 00:12:13 [DEBUG] org.mybatis.spring.SqlSessionUtils - SqlSession [org.apache.ibatis.session.defaults.DefaultSqlSession@269d0e48] was not registered for synchronization because synchronization is not active
2023-05-17 00:12:13 [DEBUG] o.s.jdbc.datasource.DataSourceUtils - Fetching JDBC Connection from DataSource
2023-05-17 00:12:13 [DEBUG] o.m.s.t.SpringManagedTransaction - JDBC Connection [HikariProxyConnection@262943270 wrapping net.sf.log4jdbc.sql.jdbcapi.ConnectionSpy@5ce378cd] will not be managed by Spring
2023-05-17 00:12:13 [DEBUG] c.K.b._.r.A.getArticlesCount - ==>  Preparing: SELECT COUNT(*) AS cnt FROM article AS A WHERE 1 AND A.boardId = ?
2023-05-17 00:12:13 [DEBUG] c.K.b._.r.A.getArticlesCount - ==> Parameters: 3(Integer)
2023-05-17 00:12:13 [DEBUG] jdbc.sqltiming -  com.zaxxer.hikari.pool.ProxyPreparedStatement.execute(ProxyPreparedStatement.java:44)
191. SELECT COUNT(*) AS cnt
FROM article AS A
WHERE 1

	AND A.boardId = 3
 {executed in 1 msec}
2023-05-17 00:12:13 [INFO ] jdbc.resultsettable - 
|----|
|cnt |
|----|
|0   |
|----|

2023-05-17 00:12:13 [DEBUG] c.K.b._.r.A.getArticlesCount - <==      Total: 1
2023-05-17 00:12:13 [DEBUG] org.mybatis.spring.SqlSessionUtils - Closing non transactional SqlSession [org.apache.ibatis.session.defaults.DefaultSqlSession@269d0e48]
2023-05-17 00:12:13 [DEBUG] org.mybatis.spring.SqlSessionUtils - Creating a new SqlSession
2023-05-17 00:12:13 [DEBUG] org.mybatis.spring.SqlSessionUtils - SqlSession [org.apache.ibatis.session.defaults.DefaultSqlSession@3fe7e84] was not registered for synchronization because synchronization is not active
2023-05-17 00:12:13 [DEBUG] o.s.jdbc.datasource.DataSourceUtils - Fetching JDBC Connection from DataSource
2023-05-17 00:12:13 [DEBUG] o.m.s.t.SpringManagedTransaction - JDBC Connection [HikariProxyConnection@1474032886 wrapping net.sf.log4jdbc.sql.jdbcapi.ConnectionSpy@5ce378cd] will not be managed by Spring
2023-05-17 00:12:13 [DEBUG] c.K.b._.r.A.getForPrintArticles - ==>  Preparing: SELECT A.*, M.nickname AS extra__writer FROM article AS A INNER JOIN `member` AS M ON A.memberId = M.id WHERE 1 AND A.boardId = ? ORDER BY A.id DESC LIMIT ?, ?
2023-05-17 00:12:13 [DEBUG] c.K.b._.r.A.getForPrintArticles - ==> Parameters: 3(Integer), 0(Integer), 10(Integer)
2023-05-17 00:12:14 [DEBUG] jdbc.sqltiming -  com.zaxxer.hikari.pool.ProxyPreparedStatement.execute(ProxyPreparedStatement.java:44)
191. SELECT A.*,
M.nickname AS extra__writer
FROM article AS A
INNER JOIN `member` AS M
ON A.memberId = M.id
WHERE 1

	AND A.boardId = 3

ORDER BY A.id DESC

	LIMIT 0, 10
 {executed in 19 msec}
2023-05-17 00:12:14 [INFO ] jdbc.resultsettable - 
|---|--------|-----------|---------|--------|------|-----|---------|------------------|-----------------|----------|--------------|
|id |regdate |updatedate |memberid |boardid |title |body |hitcount |goodreactionpoint |badreactionpoint |likepoint |extra__writer |
|---|--------|-----------|---------|--------|------|-----|---------|------------------|-----------------|----------|--------------|
|---|--------|-----------|---------|--------|------|-----|---------|------------------|-----------------|----------|--------------|

2023-05-17 00:12:14 [DEBUG] c.K.b._.r.A.getForPrintArticles - <==      Total: 0
2023-05-17 00:12:14 [DEBUG] org.mybatis.spring.SqlSessionUtils - Closing non transactional SqlSession [org.apache.ibatis.session.defaults.DefaultSqlSession@3fe7e84]
2023-05-17 00:12:14 [DEBUG] o.s.o.j.s.OpenEntityManagerInViewInterceptor - Closing JPA EntityManager in OpenEntityManagerInViewInterceptor
2023-05-17 00:12:14 [DEBUG] o.s.o.j.s.OpenEntityManagerInViewInterceptor - Opening JPA EntityManager in OpenEntityManagerInViewInterceptor
2023-05-17 00:12:14 [DEBUG] o.s.o.j.s.OpenEntityManagerInViewInterceptor - Closing JPA EntityManager in OpenEntityManagerInViewInterceptor
2023-05-17 00:12:14 [DEBUG] o.s.o.j.s.OpenEntityManagerInViewInterceptor - Opening JPA EntityManager in OpenEntityManagerInViewInterceptor
2023-05-17 00:12:14 [DEBUG] o.s.o.j.s.OpenEntityManagerInViewInterceptor - Closing JPA EntityManager in OpenEntityManagerInViewInterceptor
2023-05-17 00:12:17 [DEBUG] o.s.o.j.s.OpenEntityManagerInViewInterceptor - Opening JPA EntityManager in OpenEntityManagerInViewInterceptor
2023-05-17 00:12:17 [DEBUG] org.mybatis.spring.SqlSessionUtils - Creating a new SqlSession
2023-05-17 00:12:17 [DEBUG] org.mybatis.spring.SqlSessionUtils - SqlSession [org.apache.ibatis.session.defaults.DefaultSqlSession@fc4700d] was not registered for synchronization because synchronization is not active
2023-05-17 00:12:17 [DEBUG] o.s.jdbc.datasource.DataSourceUtils - Fetching JDBC Connection from DataSource
2023-05-17 00:12:17 [DEBUG] o.m.s.t.SpringManagedTransaction - JDBC Connection [HikariProxyConnection@917338673 wrapping net.sf.log4jdbc.sql.jdbcapi.ConnectionSpy@5ce378cd] will not be managed by Spring
2023-05-17 00:12:17 [DEBUG] c.K.b._.r.B.getBoardById - ==>  Preparing: SELECT * FROM board WHERE id= ? AND delStatus = 0;
2023-05-17 00:12:17 [DEBUG] c.K.b._.r.B.getBoardById - ==> Parameters: 4(Integer)
2023-05-17 00:12:17 [DEBUG] jdbc.sqltiming -  com.zaxxer.hikari.pool.ProxyPreparedStatement.execute(ProxyPreparedStatement.java:44)
191. SELECT *
FROM board
WHERE id= 4
AND delStatus = 0;
 {executed in 1 msec}
2023-05-17 00:12:17 [INFO ] jdbc.resultsettable - 
|---|--------------------|--------------------|-----|-----|----------|--------|
|id |regdate             |updatedate          |code |name |delstatus |deldate |
|---|--------------------|--------------------|-----|-----|----------|--------|
|4  |2023-05-16 14:51:24 |2023-05-16 14:51:24 |ETC  |ETC  |false     |null    |
|---|--------------------|--------------------|-----|-----|----------|--------|

2023-05-17 00:12:17 [DEBUG] c.K.b._.r.B.getBoardById - <==      Total: 1
2023-05-17 00:12:17 [DEBUG] org.mybatis.spring.SqlSessionUtils - Closing non transactional SqlSession [org.apache.ibatis.session.defaults.DefaultSqlSession@fc4700d]
2023-05-17 00:12:17 [DEBUG] org.mybatis.spring.SqlSessionUtils - Creating a new SqlSession
2023-05-17 00:12:17 [DEBUG] org.mybatis.spring.SqlSessionUtils - SqlSession [org.apache.ibatis.session.defaults.DefaultSqlSession@3236aac7] was not registered for synchronization because synchronization is not active
2023-05-17 00:12:17 [DEBUG] o.s.jdbc.datasource.DataSourceUtils - Fetching JDBC Connection from DataSource
2023-05-17 00:12:17 [DEBUG] o.m.s.t.SpringManagedTransaction - JDBC Connection [HikariProxyConnection@1889502373 wrapping net.sf.log4jdbc.sql.jdbcapi.ConnectionSpy@5ce378cd] will not be managed by Spring
2023-05-17 00:12:17 [DEBUG] c.K.b._.r.A.getArticlesCount - ==>  Preparing: SELECT COUNT(*) AS cnt FROM article AS A WHERE 1 AND A.boardId = ?
2023-05-17 00:12:17 [DEBUG] c.K.b._.r.A.getArticlesCount - ==> Parameters: 4(Integer)
2023-05-17 00:12:17 [DEBUG] jdbc.sqltiming -  com.zaxxer.hikari.pool.ProxyPreparedStatement.execute(ProxyPreparedStatement.java:44)
191. SELECT COUNT(*) AS cnt
FROM article AS A
WHERE 1

	AND A.boardId = 4
 {executed in 2 msec}
2023-05-17 00:12:17 [INFO ] jdbc.resultsettable - 
|----|
|cnt |
|----|
|0   |
|----|

2023-05-17 00:12:17 [DEBUG] c.K.b._.r.A.getArticlesCount - <==      Total: 1
2023-05-17 00:12:17 [DEBUG] org.mybatis.spring.SqlSessionUtils - Closing non transactional SqlSession [org.apache.ibatis.session.defaults.DefaultSqlSession@3236aac7]
2023-05-17 00:12:17 [DEBUG] org.mybatis.spring.SqlSessionUtils - Creating a new SqlSession
2023-05-17 00:12:17 [DEBUG] org.mybatis.spring.SqlSessionUtils - SqlSession [org.apache.ibatis.session.defaults.DefaultSqlSession@7a37afd4] was not registered for synchronization because synchronization is not active
2023-05-17 00:12:17 [DEBUG] o.s.jdbc.datasource.DataSourceUtils - Fetching JDBC Connection from DataSource
2023-05-17 00:12:17 [DEBUG] o.m.s.t.SpringManagedTransaction - JDBC Connection [HikariProxyConnection@372353106 wrapping net.sf.log4jdbc.sql.jdbcapi.ConnectionSpy@5ce378cd] will not be managed by Spring
2023-05-17 00:12:17 [DEBUG] c.K.b._.r.A.getForPrintArticles - ==>  Preparing: SELECT A.*, M.nickname AS extra__writer FROM article AS A INNER JOIN `member` AS M ON A.memberId = M.id WHERE 1 AND A.boardId = ? ORDER BY A.id DESC LIMIT ?, ?
2023-05-17 00:12:17 [DEBUG] c.K.b._.r.A.getForPrintArticles - ==> Parameters: 4(Integer), 0(Integer), 10(Integer)
2023-05-17 00:12:17 [DEBUG] jdbc.sqltiming -  com.zaxxer.hikari.pool.ProxyPreparedStatement.execute(ProxyPreparedStatement.java:44)
191. SELECT A.*,
M.nickname AS extra__writer
FROM article AS A
INNER JOIN `member` AS M
ON A.memberId = M.id
WHERE 1

	AND A.boardId = 4

ORDER BY A.id DESC

	LIMIT 0, 10
 {executed in 20 msec}
2023-05-17 00:12:17 [INFO ] jdbc.resultsettable - 
|---|--------|-----------|---------|--------|------|-----|---------|------------------|-----------------|----------|--------------|
|id |regdate |updatedate |memberid |boardid |title |body |hitcount |goodreactionpoint |badreactionpoint |likepoint |extra__writer |
|---|--------|-----------|---------|--------|------|-----|---------|------------------|-----------------|----------|--------------|
|---|--------|-----------|---------|--------|------|-----|---------|------------------|-----------------|----------|--------------|

2023-05-17 00:12:17 [DEBUG] c.K.b._.r.A.getForPrintArticles - <==      Total: 0
2023-05-17 00:12:17 [DEBUG] org.mybatis.spring.SqlSessionUtils - Closing non transactional SqlSession [org.apache.ibatis.session.defaults.DefaultSqlSession@7a37afd4]
2023-05-17 00:12:17 [DEBUG] o.s.o.j.s.OpenEntityManagerInViewInterceptor - Closing JPA EntityManager in OpenEntityManagerInViewInterceptor
2023-05-17 00:12:17 [DEBUG] o.s.o.j.s.OpenEntityManagerInViewInterceptor - Opening JPA EntityManager in OpenEntityManagerInViewInterceptor
2023-05-17 00:12:17 [DEBUG] o.s.o.j.s.OpenEntityManagerInViewInterceptor - Closing JPA EntityManager in OpenEntityManagerInViewInterceptor
2023-05-17 00:12:17 [DEBUG] o.s.o.j.s.OpenEntityManagerInViewInterceptor - Opening JPA EntityManager in OpenEntityManagerInViewInterceptor
2023-05-17 00:12:17 [DEBUG] o.s.o.j.s.OpenEntityManagerInViewInterceptor - Closing JPA EntityManager in OpenEntityManagerInViewInterceptor
2023-05-17 00:12:37 [DEBUG] com.zaxxer.hikari.pool.HikariPool - HikariPool-2 - Pool stats (total=10, active=0, idle=10, waiting=0)
2023-05-17 00:12:37 [DEBUG] com.zaxxer.hikari.pool.HikariPool - HikariPool-2 - Fill pool skipped, pool is at sufficient level.
2023-05-17 00:13:07 [DEBUG] com.zaxxer.hikari.pool.HikariPool - HikariPool-2 - Pool stats (total=10, active=0, idle=10, waiting=0)
2023-05-17 00:13:07 [DEBUG] com.zaxxer.hikari.pool.HikariPool - HikariPool-2 - Fill pool skipped, pool is at sufficient level.
2023-05-17 00:13:35 [DEBUG] o.s.o.j.s.OpenEntityManagerInViewInterceptor - Opening JPA EntityManager in OpenEntityManagerInViewInterceptor
2023-05-17 00:13:35 [DEBUG] o.s.o.j.s.OpenEntityManagerInViewInterceptor - Closing JPA EntityManager in OpenEntityManagerInViewInterceptor
2023-05-17 00:13:35 [DEBUG] o.s.o.j.s.OpenEntityManagerInViewInterceptor - Opening JPA EntityManager in OpenEntityManagerInViewInterceptor
2023-05-17 00:13:35 [DEBUG] o.s.o.j.s.OpenEntityManagerInViewInterceptor - Closing JPA EntityManager in OpenEntityManagerInViewInterceptor
2023-05-17 00:13:35 [DEBUG] o.s.o.j.s.OpenEntityManagerInViewInterceptor - Opening JPA EntityManager in OpenEntityManagerInViewInterceptor
2023-05-17 00:13:35 [DEBUG] o.s.o.j.s.OpenEntityManagerInViewInterceptor - Closing JPA EntityManager in OpenEntityManagerInViewInterceptor
2023-05-17 00:13:37 [DEBUG] com.zaxxer.hikari.pool.HikariPool - HikariPool-2 - Pool stats (total=10, active=0, idle=10, waiting=0)
2023-05-17 00:13:37 [DEBUG] com.zaxxer.hikari.pool.HikariPool - HikariPool-2 - Fill pool skipped, pool is at sufficient level.
2023-05-17 00:13:38 [DEBUG] o.s.o.j.s.OpenEntityManagerInViewInterceptor - Opening JPA EntityManager in OpenEntityManagerInViewInterceptor
2023-05-17 00:13:38 [DEBUG] o.s.o.j.s.OpenEntityManagerInViewInterceptor - Closing JPA EntityManager in OpenEntityManagerInViewInterceptor
2023-05-17 00:13:38 [DEBUG] o.s.o.j.s.OpenEntityManagerInViewInterceptor - Opening JPA EntityManager in OpenEntityManagerInViewInterceptor
2023-05-17 00:13:38 [DEBUG] o.s.o.j.s.OpenEntityManagerInViewInterceptor - Closing JPA EntityManager in OpenEntityManagerInViewInterceptor
2023-05-17 00:13:38 [DEBUG] o.s.o.j.s.OpenEntityManagerInViewInterceptor - Opening JPA EntityManager in OpenEntityManagerInViewInterceptor
2023-05-17 00:13:38 [DEBUG] o.s.o.j.s.OpenEntityManagerInViewInterceptor - Closing JPA EntityManager in OpenEntityManagerInViewInterceptor
